#
# There is insufficient memory for the Java Runtime Environment to continue.
# Native memory allocation (mmap) failed to map 177733632 bytes for committing reserved memory.
# Possible reasons:
#   The system is out of physical RAM or swap space
#   In 32 bit mode, the process size limit was hit
# Possible solutions:
#   Reduce memory load on the system
#   Increase physical memory or swap space
#   Check if swap backing store is full
#   Use 64 bit Java on a 64 bit OS
#   Decrease Java heap size (-Xmx/-Xms)
#   Decrease number of Java threads
#   Decrease Java thread stack sizes (-Xss)
#   Set larger code cache with -XX:ReservedCodeCacheSize=
# This output file may be truncated or incomplete.
#
#  Out of Memory Error (os_linux.cpp:2627), pid=17101, tid=139935598221056
#
# JRE version: Java(TM) SE Runtime Environment (8.0_91-b14) (build 1.8.0_91-b14)
# Java VM: Java HotSpot(TM) 64-Bit Server VM (25.91-b14 mixed mode linux-amd64 compressed oops)
# Failed to write core dump. Core dumps have been disabled. To enable core dumping, try "ulimit -c unlimited" before starting Java again
#

---------------  T H R E A D  ---------------

Current thread (0x00007f4568078000):  VMThread [stack: 0x00007f454b8f9000,0x00007f454b9fa000] [id=17111]

Stack: [0x00007f454b8f9000,0x00007f454b9fa000],  sp=0x00007f454b9f8320,  free space=1020k
Native frames: (J=compiled Java code, j=interpreted, Vv=VM code, C=native code)
V  [libjvm.so+0xabc18a]  VMError::report_and_die()+0x2ba
V  [libjvm.so+0x4fafeb]  report_vm_out_of_memory(char const*, int, unsigned long, VMErrorType, char const*)+0x8b
V  [libjvm.so+0x91cbb3]  os::Linux::commit_memory_impl(char*, unsigned long, bool)+0x103
V  [libjvm.so+0x91d109]  os::pd_commit_memory(char*, unsigned long, unsigned long, bool)+0x29
V  [libjvm.so+0x91740a]  os::commit_memory(char*, unsigned long, unsigned long, bool)+0x2a
V  [libjvm.so+0x98b033]  PSVirtualSpace::expand_by(unsigned long)+0x53
V  [libjvm.so+0x97b920]  PSOldGen::expand(unsigned long)+0x170
V  [libjvm.so+0x97bb2b]  PSOldGen::resize(unsigned long)+0x1cb
V  [libjvm.so+0x983801]  PSParallelCompact::invoke_no_policy(bool)+0x991
V  [libjvm.so+0x98915d]  PSScavenge::invoke()+0x1ad
V  [libjvm.so+0x9408b0]  ParallelScavengeHeap::failed_mem_allocate(unsigned long)+0x70
V  [libjvm.so+0xabdba7]  VM_ParallelGCFailedAllocation::doit()+0x97
V  [libjvm.so+0xac55d5]  VM_Operation::evaluate()+0x55
V  [libjvm.so+0xac39aa]  VMThread::evaluate_operation(VM_Operation*)+0xba
V  [libjvm.so+0xac3d2e]  VMThread::loop()+0x1ce
V  [libjvm.so+0xac41a0]  VMThread::run()+0x70
V  [libjvm.so+0x91ef78]  java_start(Thread*)+0x108

VM_Operation (0x00007f454a4e51b0): ParallelGCFailedAllocation, mode: safepoint, requested by thread 0x00007f456817d000


---------------  P R O C E S S  ---------------

Java Threads: ( => current thread )
  0x00007f4568115000 JavaThread "pool-1-thread-1" [_thread_blocked, id=17139, stack(0x00007f454a2e5000,0x00007f454a3e6000)]
  0x00007f456817d000 JavaThread "pool-2-thread-4" [_thread_blocked, id=17124, stack(0x00007f454a3e6000,0x00007f454a4e7000)]
  0x00007f456817b800 JavaThread "pool-2-thread-3" [_thread_blocked, id=17123, stack(0x00007f454a4e7000,0x00007f454a5e8000)]
  0x00007f4568179800 JavaThread "pool-2-thread-2" [_thread_blocked, id=17122, stack(0x00007f454a5e8000,0x00007f454a6e9000)]
  0x00007f4568178800 JavaThread "pool-3-thread-1" [_thread_blocked, id=17121, stack(0x00007f454a6e9000,0x00007f454a7ea000)]
  0x00007f456815a800 JavaThread "pool-2-thread-1" [_thread_blocked, id=17120, stack(0x00007f454a7ea000,0x00007f454a8eb000)]
  0x00007f45680c1000 JavaThread "Service Thread" daemon [_thread_blocked, id=17118, stack(0x00007f454ab10000,0x00007f454ac11000)]
  0x00007f45680be000 JavaThread "C1 CompilerThread2" daemon [_thread_blocked, id=17117, stack(0x00007f454ac11000,0x00007f454ad12000)]
  0x00007f45680bc000 JavaThread "C2 CompilerThread1" daemon [_thread_blocked, id=17116, stack(0x00007f454ad12000,0x00007f454ae13000)]
  0x00007f45680b9000 JavaThread "C2 CompilerThread0" daemon [_thread_blocked, id=17115, stack(0x00007f454ae13000,0x00007f454af14000)]
  0x00007f45680b7800 JavaThread "Signal Dispatcher" daemon [_thread_blocked, id=17114, stack(0x00007f454af14000,0x00007f454b015000)]
  0x00007f4568084800 JavaThread "Finalizer" daemon [_thread_blocked, id=17113, stack(0x00007f454b6f7000,0x00007f454b7f8000)]
  0x00007f4568080000 JavaThread "Reference Handler" daemon [_thread_blocked, id=17112, stack(0x00007f454b7f8000,0x00007f454b8f9000)]
  0x00007f456800a000 JavaThread "main" [_thread_blocked, id=17106, stack(0x00007f4571135000,0x00007f4571236000)]

Other Threads:
=>0x00007f4568078000 VMThread [stack: 0x00007f454b8f9000,0x00007f454b9fa000] [id=17111]
  0x00007f45680c4000 WatcherThread [stack: 0x00007f454aa0f000,0x00007f454ab10000] [id=17119]

VM state:at safepoint (normal execution)

VM Mutex/Monitor currently owned by a thread:  ([mutex/lock_event])
[0x00007f4568005ef0] ExpandHeap_lock - owner thread: 0x00007f4568078000
[0x00007f4568006570] Threads_lock - owner thread: 0x00007f4568078000
[0x00007f4568006a70] Heap_lock - owner thread: 0x00007f456817d000

Heap:
 PSYoungGen      total 1103360K, used 0K [0x000000076ab00000, 0x00000007c0000000, 0x00000007c0000000)
  eden space 949760K, 0% used [0x000000076ab00000,0x000000076ab00000,0x00000007a4a80000)
  from space 153600K, 0% used [0x00000007a4a80000,0x00000007a4a80000,0x00000007ae080000)
  to   space 231936K, 0% used [0x00000007b1d80000,0x00000007b1d80000,0x00000007c0000000)
 ParOldGen       total 896512K, used 868890K [0x00000006c0000000, 0x00000006f6b80000, 0x000000076ab00000)
  object space 896512K, 96% used [0x00000006c0000000,0x00000006f5086a88,0x00000006f6b80000)
 Metaspace       used 6791K, capacity 7574K, committed 7936K, reserved 1056768K
  class space    used 626K, capacity 654K, committed 768K, reserved 1048576K

Card table byte_map: [0x00007f456d6ee000,0x00007f456deef000] byte_map_base: 0x00007f456a0ee000

Marking Bits: (ParMarkBitMap*) 0x00007f4570607d60
 Begin Bits: [0x00007f4551000000, 0x00007f4555000000)
 End Bits:   [0x00007f4555000000, 0x00007f4559000000)

Polling page: 0x00007f4571256000

CodeCache: size=245760Kb used=12737Kb max_used=13575Kb free=233022Kb
 bounds [0x00007f4559000000, 0x00007f4559d60000, 0x00007f4568000000]
 total_blobs=3019 nmethods=2756 adapters=176
 compilation: enabled

Compilation events (10 events):
Event: 225.106 Thread 0x00007f45680be000 nmethod 4256 0x00007f4559b65290 code [0x00007f4559b65400, 0x00007f4559b65728]
Event: 225.107 Thread 0x00007f45680bc000 nmethod 4249 0x00007f4559b627d0 code [0x00007f4559b62960, 0x00007f4559b62fd8]
Event: 225.107 Thread 0x00007f45680bc000 4250       4       com.android.dx.dex.code.CstInsn::setIndex (37 bytes)
Event: 225.107 Thread 0x00007f45680bc000 nmethod 4250 0x00007f4559649cd0 code [0x00007f4559649e20, 0x00007f4559649eb8]
Event: 225.184 Thread 0x00007f45680be000 4257       3       java.security.CodeSource::equals (60 bytes)
Event: 225.247 Thread 0x00007f45680b9000 nmethod 4165 0x00007f4559b63710 code [0x00007f4559b63900, 0x00007f4559b646e8]
Event: 227.037 Thread 0x00007f45680be000 nmethod 4257 0x00007f4559b661d0 code [0x00007f4559b66380, 0x00007f4559b66b58]
Event: 227.044 Thread 0x00007f45680bc000 4264       4       java.util.ComparableTimSort::binarySort (223 bytes)
Event: 227.046 Thread 0x00007f45680b9000 4265       4       com.android.dx.dex.code.CstInsn::setClassIndex (37 bytes)
Event: 227.047 Thread 0x00007f45680b9000 nmethod 4265 0x00007f455972c610 code [0x00007f455972c760, 0x00007f455972c7f8]

GC Heap History (10 events):
Event: 150.209 GC heap after
Heap after GC invocations=27 (full 7):
 PSYoungGen      total 876032K, used 123356K [0x000000076ab00000, 0x00000007b5b80000, 0x00000007c0000000)
  eden space 748544K, 0% used [0x000000076ab00000,0x000000076ab00000,0x0000000798600000)
  from space 127488K, 96% used [0x00000007a4980000,0x00000007ac1f73d0,0x00000007ac600000)
  to   space 200192K, 0% used [0x0000000798600000,0x0000000798600000,0x00000007a4980000)
 ParOldGen       total 708096K, used 547264K [0x00000006c0000000, 0x00000006eb380000, 0x000000076ab00000)
  object space 708096K, 77% used [0x00000006c0000000,0x00000006e16703a8,0x00000006eb380000)
 Metaspace       used 6465K, capacity 7280K, committed 7552K, reserved 1056768K
  class space    used 606K, capacity 616K, committed 640K, reserved 1048576K
}
Event: 154.131 GC heap before
{Heap before GC invocations=28 (full 7):
 PSYoungGen      total 876032K, used 871900K [0x000000076ab00000, 0x00000007b5b80000, 0x00000007c0000000)
  eden space 748544K, 100% used [0x000000076ab00000,0x0000000798600000,0x0000000798600000)
  from space 127488K, 96% used [0x00000007a4980000,0x00000007ac1f73d0,0x00000007ac600000)
  to   space 200192K, 0% used [0x0000000798600000,0x0000000798600000,0x00000007a4980000)
 ParOldGen       total 708096K, used 547264K [0x00000006c0000000, 0x00000006eb380000, 0x000000076ab00000)
  object space 708096K, 77% used [0x00000006c0000000,0x00000006e16703a8,0x00000006eb380000)
 Metaspace       used 6465K, capacity 7280K, committed 7552K, reserved 1056768K
  class space    used 606K, capacity 616K, committed 640K, reserved 1048576K
Event: 162.115 GC heap after
Heap after GC invocations=28 (full 7):
 PSYoungGen      total 948736K, used 173452K [0x000000076ab00000, 0x00000007c0000000, 0x00000007c0000000)
  eden space 748544K, 0% used [0x000000076ab00000,0x000000076ab00000,0x0000000798600000)
  from space 200192K, 86% used [0x0000000798600000,0x00000007a2f63258,0x00000007a4980000)
  to   space 226304K, 0% used [0x00000007b2300000,0x00000007b2300000,0x00000007c0000000)
 ParOldGen       total 708096K, used 658061K [0x00000006c0000000, 0x00000006eb380000, 0x000000076ab00000)
  object space 708096K, 92% used [0x00000006c0000000,0x00000006e82a34b0,0x00000006eb380000)
 Metaspace       used 6465K, capacity 7280K, committed 7552K, reserved 1056768K
  class space    used 606K, capacity 616K, committed 640K, reserved 1048576K
}
Event: 162.115 GC heap before
{Heap before GC invocations=29 (full 8):
 PSYoungGen      total 948736K, used 173452K [0x000000076ab00000, 0x00000007c0000000, 0x00000007c0000000)
  eden space 748544K, 0% used [0x000000076ab00000,0x000000076ab00000,0x0000000798600000)
  from space 200192K, 86% used [0x0000000798600000,0x00000007a2f63258,0x00000007a4980000)
  to   space 226304K, 0% used [0x00000007b2300000,0x00000007b2300000,0x00000007c0000000)
 ParOldGen       total 708096K, used 658061K [0x00000006c0000000, 0x00000006eb380000, 0x000000076ab00000)
  object space 708096K, 92% used [0x00000006c0000000,0x00000006e82a34b0,0x00000006eb380000)
 Metaspace       used 6465K, capacity 7280K, committed 7552K, reserved 1056768K
  class space    used 606K, capacity 616K, committed 640K, reserved 1048576K
Event: 166.744 GC heap after
Heap after GC invocations=29 (full 8):
 PSYoungGen      total 948736K, used 43181K [0x000000076ab00000, 0x00000007c0000000, 0x00000007c0000000)
  eden space 748544K, 0% used [0x000000076ab00000,0x000000076ab00000,0x0000000798600000)
  from space 200192K, 21% used [0x0000000798600000,0x000000079b02b490,0x00000007a4980000)
  to   space 226304K, 0% used [0x00000007b2300000,0x00000007b2300000,0x00000007c0000000)
 ParOldGen       total 896512K, used 707687K [0x00000006c0000000, 0x00000006f6b80000, 0x000000076ab00000)
  object space 896512K, 78% used [0x00000006c0000000,0x00000006eb319ce8,0x00000006f6b80000)
 Metaspace       used 6465K, capacity 7280K, committed 7552K, reserved 1056768K
  class space    used 606K, capacity 616K, committed 640K, reserved 1048576K
}
Event: 187.982 GC heap before
{Heap before GC invocations=30 (full 8):
 PSYoungGen      total 948736K, used 791725K [0x000000076ab00000, 0x00000007c0000000, 0x00000007c0000000)
  eden space 748544K, 100% used [0x000000076ab00000,0x0000000798600000,0x0000000798600000)
  from space 200192K, 21% used [0x0000000798600000,0x000000079b02b490,0x00000007a4980000)
  to   space 226304K, 0% used [0x00000007b2300000,0x00000007b2300000,0x00000007c0000000)
 ParOldGen       total 896512K, used 707687K [0x00000006c0000000, 0x00000006f6b80000, 0x000000076ab00000)
  object space 896512K, 78% used [0x00000006c0000000,0x00000006eb319ce8,0x00000006f6b80000)
 Metaspace       used 6465K, capacity 7280K, committed 7552K, reserved 1056768K
  class space    used 606K, capacity 616K, committed 640K, reserved 1048576K
Event: 194.673 GC heap after
Heap after GC invocations=30 (full 8):
 PSYoungGen      total 1166336K, used 99887K [0x000000076ab00000, 0x00000007bf680000, 0x00000007c0000000)
  eden space 949760K, 0% used [0x000000076ab00000,0x000000076ab00000,0x00000007a4a80000)
  from space 216576K, 46% used [0x00000007b2300000,0x00000007b848bed0,0x00000007bf680000)
  to   space 219136K, 0% used [0x00000007a4a80000,0x00000007a4a80000,0x00000007b2080000)
 ParOldGen       total 896512K, used 751537K [0x00000006c0000000, 0x00000006f6b80000, 0x000000076ab00000)
  object space 896512K, 83% used [0x00000006c0000000,0x00000006eddec4f8,0x00000006f6b80000)
 Metaspace       used 6465K, capacity 7280K, committed 7552K, reserved 1056768K
  class space    used 606K, capacity 616K, committed 640K, reserved 1048576K
}
Event: 227.060 GC heap before
{Heap before GC invocations=31 (full 8):
 PSYoungGen      total 1166336K, used 1049647K [0x000000076ab00000, 0x00000007bf680000, 0x00000007c0000000)
  eden space 949760K, 100% used [0x000000076ab00000,0x00000007a4a80000,0x00000007a4a80000)
  from space 216576K, 46% used [0x00000007b2300000,0x00000007b848bed0,0x00000007bf680000)
  to   space 219136K, 0% used [0x00000007a4a80000,0x00000007a4a80000,0x00000007b2080000)
 ParOldGen       total 896512K, used 751537K [0x00000006c0000000, 0x00000006f6b80000, 0x000000076ab00000)
  object space 896512K, 83% used [0x00000006c0000000,0x00000006eddec4f8,0x00000006f6b80000)
 Metaspace       used 6791K, capacity 7574K, committed 7936K, reserved 1056768K
  class space    used 626K, capacity 654K, committed 768K, reserved 1048576K
Event: 232.996 GC heap after
Heap after GC invocations=31 (full 8):
 PSYoungGen      total 1103360K, used 153197K [0x000000076ab00000, 0x00000007c0000000, 0x00000007c0000000)
  eden space 949760K, 0% used [0x000000076ab00000,0x000000076ab00000,0x00000007a4a80000)
  from space 153600K, 99% used [0x00000007a4a80000,0x00000007ae01b408,0x00000007ae080000)
  to   space 231936K, 0% used [0x00000007b1d80000,0x00000007b1d80000,0x00000007c0000000)
 ParOldGen       total 896512K, used 848615K [0x00000006c0000000, 0x00000006f6b80000, 0x000000076ab00000)
  object space 896512K, 94% used [0x00000006c0000000,0x00000006f3cb9d78,0x00000006f6b80000)
 Metaspace       used 6791K, capacity 7574K, committed 7936K, reserved 1056768K
  class space    used 626K, capacity 654K, committed 768K, reserved 1048576K
}
Event: 232.996 GC heap before
{Heap before GC invocations=32 (full 9):
 PSYoungGen      total 1103360K, used 153197K [0x000000076ab00000, 0x00000007c0000000, 0x00000007c0000000)
  eden space 949760K, 0% used [0x000000076ab00000,0x000000076ab00000,0x00000007a4a80000)
  from space 153600K, 99% used [0x00000007a4a80000,0x00000007ae01b408,0x00000007ae080000)
  to   space 231936K, 0% used [0x00000007b1d80000,0x00000007b1d80000,0x00000007c0000000)
 ParOldGen       total 896512K, used 848615K [0x00000006c0000000, 0x00000006f6b80000, 0x000000076ab00000)
  object space 896512K, 94% used [0x00000006c0000000,0x00000006f3cb9d78,0x00000006f6b80000)
 Metaspace       used 6791K, capacity 7574K, committed 7936K, reserved 1056768K
  class space    used 626K, capacity 654K, committed 768K, reserved 1048576K

Deoptimization events (10 events):
Event: 225.070 Thread 0x00007f4568115000 Uncommon trap: reason=predicate action=maybe_recompile pc=0x00007f4559315d48 method=java.util.ComparableTimSort.binarySort([Ljava/lang/Object;III)V @ 37
Event: 225.102 Thread 0x00007f4568115000 Uncommon trap: reason=speculate_class_check action=maybe_recompile pc=0x00007f45593ba308 method=com.android.dx.util.FixedSizeList.equals(Ljava/lang/Object;)Z @ 25
Event: 225.102 Thread 0x00007f4568115000 Uncommon trap: reason=class_check action=maybe_recompile pc=0x00007f4559396a5c method=java.util.Arrays.equals([Ljava/lang/Object;[Ljava/lang/Object;)Z @ 62
Event: 225.102 Thread 0x00007f4568115000 Uncommon trap: reason=speculate_class_check action=maybe_recompile pc=0x00007f45593ba308 method=com.android.dx.util.FixedSizeList.equals(Ljava/lang/Object;)Z @ 25
Event: 225.102 Thread 0x00007f4568115000 Uncommon trap: reason=class_check action=maybe_recompile pc=0x00007f4559396a5c method=java.util.Arrays.equals([Ljava/lang/Object;[Ljava/lang/Object;)Z @ 62
Event: 225.102 Thread 0x00007f4568115000 Uncommon trap: reason=speculate_class_check action=maybe_recompile pc=0x00007f45593ba308 method=com.android.dx.util.FixedSizeList.equals(Ljava/lang/Object;)Z @ 25
Event: 225.102 Thread 0x00007f4568115000 Uncommon trap: reason=class_check action=maybe_recompile pc=0x00007f4559396a5c method=java.util.Arrays.equals([Ljava/lang/Object;[Ljava/lang/Object;)Z @ 62
Event: 225.102 Thread 0x00007f4568115000 Uncommon trap: reason=speculate_class_check action=maybe_recompile pc=0x00007f45593ba308 method=com.android.dx.util.FixedSizeList.equals(Ljava/lang/Object;)Z @ 25
Event: 225.102 Thread 0x00007f4568115000 Uncommon trap: reason=class_check action=maybe_recompile pc=0x00007f4559396a5c method=java.util.Arrays.equals([Ljava/lang/Object;[Ljava/lang/Object;)Z @ 62
Event: 227.037 Thread 0x00007f4568115000 Uncommon trap: reason=unstable_if action=reinterpret pc=0x00007f45592adc6c method=java.util.TreeMap.put(Ljava/lang/Object;Ljava/lang/Object;)Ljava/lang/Object; @ 163

Internal exceptions (10 events):
Event: 3.528 Thread 0x00007f4568179800 Exception <a 'java/lang/ArrayIndexOutOfBoundsException': 145> (0x000000076ab3bed0) thrown at [/HUDSON/workspace/8-2-build-linux-amd64/jdk8u91/6644/hotspot/src/share/vm/interpreter/interpreterRuntime.cpp, line 366]
Event: 3.529 Thread 0x00007f4568179800 Exception <a 'java/lang/ArrayIndexOutOfBoundsException'> (0x000000076ab3d1b8) thrown at [/HUDSON/workspace/8-2-build-linux-amd64/jdk8u91/6644/hotspot/src/share/vm/runtime/sharedRuntime.cpp, line 605]
Event: 30.968 Thread 0x00007f456817d000 Implicit null exception at 0x00007f4559bb4800 to 0x00007f4559bb9e9d
Event: 46.118 Thread 0x00007f4568179800 Implicit null exception at 0x00007f4559809daf to 0x00007f455980b129
Event: 46.125 Thread 0x00007f4568179800 Implicit null exception at 0x00007f4559af550c to 0x00007f4559af72a1
Event: 90.790 Thread 0x00007f456817b800 Implicit null exception at 0x00007f4559d19a37 to 0x00007f4559d1bb09
Event: 178.300 Thread 0x00007f456815a800 Implicit null exception at 0x00007f45593d6c4c to 0x00007f45593d6c6e
Event: 216.557 Thread 0x00007f4568115000 Implicit null exception at 0x00007f455948f59a to 0x00007f45594924f1
Event: 217.625 Thread 0x00007f4568115000 Implicit null exception at 0x00007f455985eedf to 0x00007f455985f16d
Event: 217.625 Thread 0x00007f4568115000 Implicit null exception at 0x00007f455935b686 to 0x00007f455935b8cd

Events (10 events):
Event: 225.102 loading class com/android/dx/dex/code/CatchTable$Entry
Event: 225.102 loading class com/android/dx/dex/code/CatchTable$Entry done
Event: 227.037 Thread 0x00007f4568115000 Uncommon trap: trap_request=0xffffff65 fr.pc=0x00007f45592adc6c
Event: 227.037 Thread 0x00007f4568115000 DEOPT PACKING pc=0x00007f45592adc6c sp=0x00007f454a3e3f90
Event: 227.037 Thread 0x00007f4568115000 DEOPT UNPACKING pc=0x00007f4559005229 sp=0x00007f454a3e3f50 mode 2
Event: 227.037 loading class com/android/dx/util/ByteArrayAnnotatedOutput
Event: 227.037 loading class com/android/dx/util/ByteArrayAnnotatedOutput done
Event: 227.037 Thread 0x00007f45680be000 flushing nmethod 0x00007f4559119fd0
Event: 227.037 Thread 0x00007f45680be000 flushing nmethod 0x00007f455911b2d0
Event: 227.050 Executing VM operation: ParallelGCFailedAllocation


Dynamic libraries:
00400000-00401000 r-xp 00000000 08:05 51249849                           /usr/lib/jvm/java-8-oracle/bin/java
00600000-00601000 rw-p 00000000 08:05 51249849                           /usr/lib/jvm/java-8-oracle/bin/java
02363000-02384000 rw-p 00000000 00:00 0                                  [heap]
6c0000000-6f6b80000 rw-p 00000000 00:00 0 
701500000-76ab00000 ---p 00000000 00:00 0 
76ab00000-7c0000000 rw-p 00000000 00:00 0 
7c0000000-7c00c0000 rw-p 00000000 00:00 0 
7c00c0000-800000000 ---p 00000000 00:00 0 
7f44fc000000-7f44fc049000 rw-p 00000000 00:00 0 
7f44fc049000-7f4500000000 ---p 00000000 00:00 0 
7f4504000000-7f450403d000 rw-p 00000000 00:00 0 
7f450403d000-7f4508000000 ---p 00000000 00:00 0 
7f4508000000-7f4508021000 rw-p 00000000 00:00 0 
7f4508021000-7f450c000000 ---p 00000000 00:00 0 
7f450c000000-7f450c021000 rw-p 00000000 00:00 0 
7f450c021000-7f4510000000 ---p 00000000 00:00 0 
7f4510000000-7f451006a000 rw-p 00000000 00:00 0 
7f451006a000-7f4514000000 ---p 00000000 00:00 0 
7f4514000000-7f4514021000 rw-p 00000000 00:00 0 
7f4514021000-7f4518000000 ---p 00000000 00:00 0 
7f4518000000-7f4518021000 rw-p 00000000 00:00 0 
7f4518021000-7f451c000000 ---p 00000000 00:00 0 
7f451c000000-7f451c7a3000 rw-p 00000000 00:00 0 
7f451c7a3000-7f4520000000 ---p 00000000 00:00 0 
7f4520000000-7f4520021000 rw-p 00000000 00:00 0 
7f4520021000-7f4524000000 ---p 00000000 00:00 0 
7f4524000000-7f4525d9d000 rw-p 00000000 00:00 0 
7f4525d9d000-7f4528000000 ---p 00000000 00:00 0 
7f4528000000-7f45292c0000 rw-p 00000000 00:00 0 
7f45292c0000-7f452c000000 ---p 00000000 00:00 0 
7f452c000000-7f452c021000 rw-p 00000000 00:00 0 
7f452c021000-7f4530000000 ---p 00000000 00:00 0 
7f4530000000-7f4530021000 rw-p 00000000 00:00 0 
7f4530021000-7f4534000000 ---p 00000000 00:00 0 
7f4534000000-7f45342a6000 rw-p 00000000 00:00 0 
7f45342a6000-7f4538000000 ---p 00000000 00:00 0 
7f4538000000-7f4538021000 rw-p 00000000 00:00 0 
7f4538021000-7f453c000000 ---p 00000000 00:00 0 
7f453c000000-7f453c021000 rw-p 00000000 00:00 0 
7f453c021000-7f4540000000 ---p 00000000 00:00 0 
7f4540000000-7f4540021000 rw-p 00000000 00:00 0 
7f4540021000-7f4544000000 ---p 00000000 00:00 0 
7f4544000000-7f4544021000 rw-p 00000000 00:00 0 
7f4544021000-7f4548000000 ---p 00000000 00:00 0 
7f454a2e5000-7f454a2e8000 ---p 00000000 00:00 0 
7f454a2e8000-7f454a3e6000 rw-p 00000000 00:00 0 
7f454a3e6000-7f454a3e9000 ---p 00000000 00:00 0 
7f454a3e9000-7f454a4e7000 rw-p 00000000 00:00 0 
7f454a4e7000-7f454a4ea000 ---p 00000000 00:00 0 
7f454a4ea000-7f454a5e8000 rw-p 00000000 00:00 0 
7f454a5e8000-7f454a5eb000 ---p 00000000 00:00 0 
7f454a5eb000-7f454a6e9000 rw-p 00000000 00:00 0 
7f454a6e9000-7f454a6ec000 ---p 00000000 00:00 0 
7f454a6ec000-7f454a7ea000 rw-p 00000000 00:00 0 
7f454a7ea000-7f454a7ed000 ---p 00000000 00:00 0 
7f454a7ed000-7f454a8eb000 rw-p 00000000 00:00 0 
7f454a8eb000-7f454aa0f000 r--s 00b10000 08:05 41550381                   /home/acquiscent/RohiniFms/MyApplication/app/build/intermediates/transforms/jarMerging/debug/jars/1/1f/combined.jar
7f454aa0f000-7f454aa10000 ---p 00000000 00:00 0 
7f454aa10000-7f454ab10000 rw-p 00000000 00:00 0 
7f454ab10000-7f454ab13000 ---p 00000000 00:00 0 
7f454ab13000-7f454ac11000 rw-p 00000000 00:00 0 
7f454ac11000-7f454ac14000 ---p 00000000 00:00 0 
7f454ac14000-7f454ad12000 rw-p 00000000 00:00 0 
7f454ad12000-7f454ad15000 ---p 00000000 00:00 0 
7f454ad15000-7f454ae13000 rw-p 00000000 00:00 0 
7f454ae13000-7f454ae16000 ---p 00000000 00:00 0 
7f454ae16000-7f454af14000 rw-p 00000000 00:00 0 
7f454af14000-7f454af17000 ---p 00000000 00:00 0 
7f454af17000-7f454b015000 rw-p 00000000 00:00 0 
7f454b015000-7f454b6f7000 r--p 00000000 08:05 51125241                   /usr/lib/locale/locale-archive
7f454b6f7000-7f454b6fa000 ---p 00000000 00:00 0 
7f454b6fa000-7f454b7f8000 rw-p 00000000 00:00 0 
7f454b7f8000-7f454b7fb000 ---p 00000000 00:00 0 
7f454b7fb000-7f454b8f9000 rw-p 00000000 00:00 0 
7f454b8f9000-7f454b8fa000 ---p 00000000 00:00 0 
7f454b8fa000-7f454c000000 rw-p 00000000 00:00 0 
7f454c000000-7f454c021000 rw-p 00000000 00:00 0 
7f454c021000-7f4550000000 ---p 00000000 00:00 0 
7f45500f9000-7f4550f00000 rw-p 00000000 00:00 0 
7f4550f00000-7f4551000000 ---p 00000000 00:00 0 
7f4551000000-7f4559000000 rw-p 00000000 00:00 0 
7f4559000000-7f4559d60000 rwxp 00000000 00:00 0 
7f4559d60000-7f4568000000 ---p 00000000 00:00 0 
7f4568000000-7f45683a7000 rw-p 00000000 00:00 0 
7f45683a7000-7f456c000000 ---p 00000000 00:00 0 
7f456c04f000-7f456c345000 rw-p 00000000 00:00 0 
7f456c345000-7f456c51e000 r--s 03d1f000 08:05 51511987                   /usr/lib/jvm/java-8-oracle/jre/lib/rt.jar
7f456c51e000-7f456cd94000 rw-p 00000000 00:00 0 
7f456cd94000-7f456cd95000 ---p 00000000 00:00 0 
7f456cd95000-7f456ce95000 rw-p 00000000 00:00 0 
7f456ce95000-7f456ce96000 ---p 00000000 00:00 0 
7f456ce96000-7f456cf96000 rw-p 00000000 00:00 0 
7f456cf96000-7f456cf97000 ---p 00000000 00:00 0 
7f456cf97000-7f456d097000 rw-p 00000000 00:00 0 
7f456d097000-7f456d098000 ---p 00000000 00:00 0 
7f456d098000-7f456d34e000 rw-p 00000000 00:00 0 
7f456d34e000-7f456d6ee000 ---p 00000000 00:00 0 
7f456d6ee000-7f456d8a4000 rw-p 00000000 00:00 0 
7f456d8a4000-7f456dc43000 ---p 00000000 00:00 0 
7f456dc43000-7f456deee000 rw-p 00000000 00:00 0 
7f456deee000-7f456df25000 rw-p 00000000 00:00 0 
7f456df25000-7f456e2af000 ---p 00000000 00:00 0 
7f456e2af000-7f456e2c9000 r-xp 00000000 08:05 51514941                   /usr/lib/jvm/java-8-oracle/jre/lib/amd64/libzip.so
7f456e2c9000-7f456e4c9000 ---p 0001a000 08:05 51514941                   /usr/lib/jvm/java-8-oracle/jre/lib/amd64/libzip.so
7f456e4c9000-7f456e4ca000 rw-p 0001a000 08:05 51514941                   /usr/lib/jvm/java-8-oracle/jre/lib/amd64/libzip.so
7f456e4ca000-7f456e4d6000 r-xp 00000000 08:05 22806620                   /lib/x86_64-linux-gnu/libnss_files-2.21.so
7f456e4d6000-7f456e6d5000 ---p 0000c000 08:05 22806620                   /lib/x86_64-linux-gnu/libnss_files-2.21.so
7f456e6d5000-7f456e6d6000 r--p 0000b000 08:05 22806620                   /lib/x86_64-linux-gnu/libnss_files-2.21.so
7f456e6d6000-7f456e6d7000 rw-p 0000c000 08:05 22806620                   /lib/x86_64-linux-gnu/libnss_files-2.21.so
7f456e6d7000-7f456e6e2000 r-xp 00000000 08:05 22806631                   /lib/x86_64-linux-gnu/libnss_nis-2.21.so
7f456e6e2000-7f456e8e1000 ---p 0000b000 08:05 22806631                   /lib/x86_64-linux-gnu/libnss_nis-2.21.so
7f456e8e1000-7f456e8e2000 r--p 0000a000 08:05 22806631                   /lib/x86_64-linux-gnu/libnss_nis-2.21.so
7f456e8e2000-7f456e8e3000 rw-p 0000b000 08:05 22806631                   /lib/x86_64-linux-gnu/libnss_nis-2.21.so
7f456e8e3000-7f456e8fa000 r-xp 00000000 08:05 22806625                   /lib/x86_64-linux-gnu/libnsl-2.21.so
7f456e8fa000-7f456eaf9000 ---p 00017000 08:05 22806625                   /lib/x86_64-linux-gnu/libnsl-2.21.so
7f456eaf9000-7f456eafa000 r--p 00016000 08:05 22806625                   /lib/x86_64-linux-gnu/libnsl-2.21.so
7f456eafa000-7f456eafb000 rw-p 00017000 08:05 22806625                   /lib/x86_64-linux-gnu/libnsl-2.21.so
7f456eafb000-7f456eafd000 rw-p 00000000 00:00 0 
7f456eafd000-7f456eb05000 r-xp 00000000 08:05 22806621                   /lib/x86_64-linux-gnu/libnss_compat-2.21.so
7f456eb05000-7f456ed04000 ---p 00008000 08:05 22806621                   /lib/x86_64-linux-gnu/libnss_compat-2.21.so
7f456ed04000-7f456ed05000 r--p 00007000 08:05 22806621                   /lib/x86_64-linux-gnu/libnss_compat-2.21.so
7f456ed05000-7f456ed06000 rw-p 00008000 08:05 22806621                   /lib/x86_64-linux-gnu/libnss_compat-2.21.so
7f456ed06000-7f456ed30000 r-xp 00000000 08:05 51514936                   /usr/lib/jvm/java-8-oracle/jre/lib/amd64/libjava.so
7f456ed30000-7f456ef30000 ---p 0002a000 08:05 51514936                   /usr/lib/jvm/java-8-oracle/jre/lib/amd64/libjava.so
7f456ef30000-7f456ef32000 rw-p 0002a000 08:05 51514936                   /usr/lib/jvm/java-8-oracle/jre/lib/amd64/libjava.so
7f456ef32000-7f456ef3f000 r-xp 00000000 08:05 51514940                   /usr/lib/jvm/java-8-oracle/jre/lib/amd64/libverify.so
7f456ef3f000-7f456f13f000 ---p 0000d000 08:05 51514940                   /usr/lib/jvm/java-8-oracle/jre/lib/amd64/libverify.so
7f456f13f000-7f456f141000 rw-p 0000d000 08:05 51514940                   /usr/lib/jvm/java-8-oracle/jre/lib/amd64/libverify.so
7f456f141000-7f456f148000 r-xp 00000000 08:05 22806547                   /lib/x86_64-linux-gnu/librt-2.21.so
7f456f148000-7f456f347000 ---p 00007000 08:05 22806547                   /lib/x86_64-linux-gnu/librt-2.21.so
7f456f347000-7f456f348000 r--p 00006000 08:05 22806547                   /lib/x86_64-linux-gnu/librt-2.21.so
7f456f348000-7f456f349000 rw-p 00007000 08:05 22806547                   /lib/x86_64-linux-gnu/librt-2.21.so
7f456f349000-7f456f450000 r-xp 00000000 08:05 22806633                   /lib/x86_64-linux-gnu/libm-2.21.so
7f456f450000-7f456f64f000 ---p 00107000 08:05 22806633                   /lib/x86_64-linux-gnu/libm-2.21.so
7f456f64f000-7f456f650000 r--p 00106000 08:05 22806633                   /lib/x86_64-linux-gnu/libm-2.21.so
7f456f650000-7f456f651000 rw-p 00107000 08:05 22806633                   /lib/x86_64-linux-gnu/libm-2.21.so
7f456f651000-7f4570311000 r-xp 00000000 08:05 51514574                   /usr/lib/jvm/java-8-oracle/jre/lib/amd64/server/libjvm.so
7f4570311000-7f4570511000 ---p 00cc0000 08:05 51514574                   /usr/lib/jvm/java-8-oracle/jre/lib/amd64/server/libjvm.so
7f4570511000-7f45705e9000 rw-p 00cc0000 08:05 51514574                   /usr/lib/jvm/java-8-oracle/jre/lib/amd64/server/libjvm.so
7f45705e9000-7f4570634000 rw-p 00000000 00:00 0 
7f4570634000-7f45707f4000 r-xp 00000000 08:05 22806634                   /lib/x86_64-linux-gnu/libc-2.21.so
7f45707f4000-7f45709f4000 ---p 001c0000 08:05 22806634                   /lib/x86_64-linux-gnu/libc-2.21.so
7f45709f4000-7f45709f8000 r--p 001c0000 08:05 22806634                   /lib/x86_64-linux-gnu/libc-2.21.so
7f45709f8000-7f45709fa000 rw-p 001c4000 08:05 22806634                   /lib/x86_64-linux-gnu/libc-2.21.so
7f45709fa000-7f45709fe000 rw-p 00000000 00:00 0 
7f45709fe000-7f4570a01000 r-xp 00000000 08:05 22806630                   /lib/x86_64-linux-gnu/libdl-2.21.so
7f4570a01000-7f4570c00000 ---p 00003000 08:05 22806630                   /lib/x86_64-linux-gnu/libdl-2.21.so
7f4570c00000-7f4570c01000 r--p 00002000 08:05 22806630                   /lib/x86_64-linux-gnu/libdl-2.21.so
7f4570c01000-7f4570c02000 rw-p 00003000 08:05 22806630                   /lib/x86_64-linux-gnu/libdl-2.21.so
7f4570c02000-7f4570c17000 r-xp 00000000 08:05 51385985                   /usr/lib/jvm/java-8-oracle/lib/amd64/jli/libjli.so
7f4570c17000-7f4570e17000 ---p 00015000 08:05 51385985                   /usr/lib/jvm/java-8-oracle/lib/amd64/jli/libjli.so
7f4570e17000-7f4570e18000 rw-p 00015000 08:05 51385985                   /usr/lib/jvm/java-8-oracle/lib/amd64/jli/libjli.so
7f4570e18000-7f4570e30000 r-xp 00000000 08:05 22806555                   /lib/x86_64-linux-gnu/libpthread-2.21.so
7f4570e30000-7f4571030000 ---p 00018000 08:05 22806555                   /lib/x86_64-linux-gnu/libpthread-2.21.so
7f4571030000-7f4571031000 r--p 00018000 08:05 22806555                   /lib/x86_64-linux-gnu/libpthread-2.21.so
7f4571031000-7f4571032000 rw-p 00019000 08:05 22806555                   /lib/x86_64-linux-gnu/libpthread-2.21.so
7f4571032000-7f4571036000 rw-p 00000000 00:00 0 
7f4571036000-7f457105a000 r-xp 00000000 08:05 22806628                   /lib/x86_64-linux-gnu/ld-2.21.so
7f4571062000-7f4571135000 rw-p 00000000 00:00 0 
7f4571135000-7f4571138000 ---p 00000000 00:00 0 
7f4571138000-7f457123a000 rw-p 00000000 00:00 0 
7f457123e000-7f457123f000 rw-p 00000000 00:00 0 
7f457123f000-7f457124d000 r--s 000e0000 08:05 35262546                   /home/acquiscent/Android/Sdk/build-tools/25.0.0/lib/dx.jar
7f457124d000-7f4571255000 rw-s 00000000 08:05 34878062                   /tmp/hsperfdata_acquiscent/17101
7f4571255000-7f4571256000 rw-p 00000000 00:00 0 
7f4571256000-7f4571257000 ---p 00000000 00:00 0 
7f4571257000-7f4571259000 rw-p 00000000 00:00 0 
7f4571259000-7f457125a000 r--p 00023000 08:05 22806628                   /lib/x86_64-linux-gnu/ld-2.21.so
7f457125a000-7f457125b000 rw-p 00024000 08:05 22806628                   /lib/x86_64-linux-gnu/ld-2.21.so
7f457125b000-7f457125c000 rw-p 00000000 00:00 0 
7ffe0c680000-7ffe0c6a1000 rw-p 00000000 00:00 0                          [stack]
7ffe0c6a6000-7ffe0c6a8000 r--p 00000000 00:00 0                          [vvar]
7ffe0c6a8000-7ffe0c6aa000 r-xp 00000000 00:00 0                          [vdso]
ffffffffff600000-ffffffffff601000 r-xp 00000000 00:00 0                  [vsyscall]

VM Arguments:
jvm_args: -Djava.awt.headless=true -Xmx4g -Dfile.encoding=UTF-8 -Duser.country=IN -Duser.language=en -Duser.variant 
java_command: com.android.dx.command.Main --dex --num-threads=4 --multi-dex --main-dex-list /home/acquiscent/RohiniFms/MyApplication/app/build/intermediates/multi-dex/debug/maindexlist.txt --output /home/acquiscent/RohiniFms/MyApplication/app/build/intermediates/transforms/dex/debug/folders/1000/1f/main /home/acquiscent/RohiniFms/MyApplication/app/build/intermediates/transforms/jarMerging/debug/jars/1/1f/combined.jar
java_class_path (initial): /home/acquiscent/Android/Sdk/build-tools/25.0.0/lib/dx.jar
Launcher Type: SUN_STANDARD

Environment Variables:
JAVA_HOME=/usr/lib/jvm/java-8-oracle
PATH=/usr/local/sbin:/usr/local/bin:/usr/sbin:/usr/bin:/sbin:/bin:/usr/games:/usr/local/games:/usr/lib/jvm/java-8-oracle/bin:/usr/lib/jvm/java-8-oracle/db/bin:/usr/lib/jvm/java-8-oracle/jre/bin
LD_LIBRARY_PATH=/opt/android-studio/bin:
SHELL=/bin/bash
DISPLAY=:0

Signal Handlers:
SIGSEGV: [libjvm.so+0xabca10], sa_mask[0]=11111111011111111101111111111110, sa_flags=SA_RESTART|SA_SIGINFO
SIGBUS: [libjvm.so+0xabca10], sa_mask[0]=11111111011111111101111111111110, sa_flags=SA_RESTART|SA_SIGINFO
SIGFPE: [libjvm.so+0x919a20], sa_mask[0]=11111111011111111101111111111110, sa_flags=SA_RESTART|SA_SIGINFO
SIGPIPE: [libjvm.so+0x919a20], sa_mask[0]=11111111011111111101111111111110, sa_flags=SA_RESTART|SA_SIGINFO
SIGXFSZ: [libjvm.so+0x919a20], sa_mask[0]=11111111011111111101111111111110, sa_flags=SA_RESTART|SA_SIGINFO
SIGILL: [libjvm.so+0x919a20], sa_mask[0]=11111111011111111101111111111110, sa_flags=SA_RESTART|SA_SIGINFO
SIGUSR1: SIG_DFL, sa_mask[0]=00000000000000000000000000000000, sa_flags=none
SIGUSR2: [libjvm.so+0x91b050], sa_mask[0]=00100000000000000000000000000000, sa_flags=SA_RESTART|SA_SIGINFO
SIGHUP: [libjvm.so+0x91c450], sa_mask[0]=11111111011111111101111111111110, sa_flags=SA_RESTART|SA_SIGINFO
SIGINT: [libjvm.so+0x91c450], sa_mask[0]=11111111011111111101111111111110, sa_flags=SA_RESTART|SA_SIGINFO
SIGTERM: [libjvm.so+0x91c450], sa_mask[0]=11111111011111111101111111111110, sa_flags=SA_RESTART|SA_SIGINFO
SIGQUIT: [libjvm.so+0x91c450], sa_mask[0]=11111111011111111101111111111110, sa_flags=SA_RESTART|SA_SIGINFO


---------------  S Y S T E M  ---------------

OS:DISTRIB_ID=Ubuntu
DISTRIB_RELEASE=15.10
DISTRIB_CODENAME=wily
DISTRIB_DESCRIPTION="Ubuntu 15.10"

uname:Linux 4.2.0-36-generic #42-Ubuntu SMP Thu May 12 22:05:35 UTC 2016 x86_64
libc:glibc 2.21 NPTL 2.21 
rlimit: STACK 8192k, CORE 0k, NPROC 15342, NOFILE 65536, AS infinity
load average:14.40 7.47 3.51

/proc/meminfo:
MemTotal:        3964324 kB
MemFree:           34108 kB
MemAvailable:     152980 kB
Buffers:            3484 kB
Cached:           141688 kB
SwapCached:         6736 kB
Active:          2813136 kB
Inactive:         841856 kB
Active(anon):    2761920 kB
Inactive(anon):   792764 kB
Active(file):      51216 kB
Inactive(file):    49092 kB
Unevictable:         112 kB
Mlocked:             112 kB
SwapTotal:       4105212 kB
SwapFree:            300 kB
Dirty:               232 kB
Writeback:             0 kB
AnonPages:       3503612 kB
Mapped:            95364 kB
Shmem:             44796 kB
Slab:              98600 kB
SReclaimable:      47976 kB
SUnreclaim:        50624 kB
KernelStack:       13296 kB
PageTables:        84396 kB
NFS_Unstable:          0 kB
Bounce:                0 kB
WritebackTmp:          0 kB
CommitLimit:     6087372 kB
Committed_AS:   30059860 kB
VmallocTotal:   34359738367 kB
VmallocUsed:      565972 kB
VmallocChunk:   34358423548 kB
HardwareCorrupted:     0 kB
AnonHugePages:    176128 kB
CmaTotal:              0 kB
CmaFree:               0 kB
HugePages_Total:       0
HugePages_Free:        0
HugePages_Rsvd:        0
HugePages_Surp:        0
Hugepagesize:       2048 kB
DirectMap4k:      290744 kB
DirectMap2M:     3821568 kB
DirectMap1G:     1048576 kB


CPU:total 4 (2 cores per cpu, 2 threads per core) family 6 model 61 stepping 4, cmov, cx8, fxsr, mmx, sse, sse2, sse3, ssse3, sse4.1, sse4.2, popcnt, avx, avx2, aes, clmul, erms, 3dnowpref, lzcnt, ht, tsc, tscinvbit, bmi1, bmi2, adx

/proc/cpuinfo:
processor	: 0
vendor_id	: GenuineIntel
cpu family	: 6
model		: 61
model name	: Intel(R) Core(TM) i3-5005U CPU @ 2.00GHz
stepping	: 4
microcode	: 0x1d
cpu MHz		: 1985.390
cache size	: 3072 KB
physical id	: 0
siblings	: 4
core id		: 0
cpu cores	: 2
apicid		: 0
initial apicid	: 0
fpu		: yes
fpu_exception	: yes
cpuid level	: 20
wp		: yes
flags		: fpu vme de pse tsc msr pae mce cx8 apic sep mtrr pge mca cmov pat pse36 clflush dts acpi mmx fxsr sse sse2 ss ht tm pbe syscall nx pdpe1gb rdtscp lm constant_tsc arch_perfmon pebs bts rep_good nopl xtopology nonstop_tsc aperfmperf eagerfpu pni pclmulqdq dtes64 monitor ds_cpl vmx est tm2 ssse3 fma cx16 xtpr pdcm pcid sse4_1 sse4_2 x2apic movbe popcnt tsc_deadline_timer aes xsave avx f16c rdrand lahf_lm abm 3dnowprefetch arat epb pln pts dtherm intel_pt tpr_shadow vnmi flexpriority ept vpid fsgsbase tsc_adjust bmi1 avx2 smep bmi2 erms invpcid rdseed adx smap xsaveopt
bugs		:
bogomips	: 3990.67
clflush size	: 64
cache_alignment	: 64
address sizes	: 39 bits physical, 48 bits virtual
power management:

processor	: 1
vendor_id	: GenuineIntel
cpu family	: 6
model		: 61
model name	: Intel(R) Core(TM) i3-5005U CPU @ 2.00GHz
stepping	: 4
microcode	: 0x1d
cpu MHz		: 1928.437
cache size	: 3072 KB
physical id	: 0
siblings	: 4
core id		: 1
cpu cores	: 2
apicid		: 2
initial apicid	: 2
fpu		: yes
fpu_exception	: yes
cpuid level	: 20
wp		: yes
flags		: fpu vme de pse tsc msr pae mce cx8 apic sep mtrr pge mca cmov pat pse36 clflush dts acpi mmx fxsr sse sse2 ss ht tm pbe syscall nx pdpe1gb rdtscp lm constant_tsc arch_perfmon pebs bts rep_good nopl xtopology nonstop_tsc aperfmperf eagerfpu pni pclmulqdq dtes64 monitor ds_cpl vmx est tm2 ssse3 fma cx16 xtpr pdcm pcid sse4_1 sse4_2 x2apic movbe popcnt tsc_deadline_timer aes xsave avx f16c rdrand lahf_lm abm 3dnowprefetch arat epb pln pts dtherm intel_pt tpr_shadow vnmi flexpriority ept vpid fsgsbase tsc_adjust bmi1 avx2 smep bmi2 erms invpcid rdseed adx smap xsaveopt
bugs		:
bogomips	: 3990.67
clflush size	: 64
cache_alignment	: 64
address sizes	: 39 bits physical, 48 bits virtual
power management:

processor	: 2
vendor_id	: GenuineIntel
cpu family	: 6
model		: 61
model name	: Intel(R) Core(TM) i3-5005U CPU @ 2.00GHz
stepping	: 4
microcode	: 0x1d
cpu MHz		: 1999.921
cache size	: 3072 KB
physical id	: 0
siblings	: 4
core id		: 0
cpu cores	: 2
apicid		: 1
initial apicid	: 1
fpu		: yes
fpu_exception	: yes
cpuid level	: 20
wp		: yes
flags		: fpu vme de pse tsc msr pae mce cx8 apic sep mtrr pge mca cmov pat pse36 clflush dts acpi mmx fxsr sse sse2 ss ht tm pbe syscall nx pdpe1gb rdtscp lm constant_tsc arch_perfmon pebs bts rep_good nopl xtopology nonstop_tsc aperfmperf eagerfpu pni pclmulqdq dtes64 monitor ds_cpl vmx est tm2 ssse3 fma cx16 xtpr pdcm pcid sse4_1 sse4_2 x2apic movbe popcnt tsc_deadline_timer aes xsave avx f16c rdrand lahf_lm abm 3dnowprefetch arat epb pln pts dtherm intel_pt tpr_shadow vnmi flexpriority ept vpid fsgsbase tsc_adjust bmi1 avx2 smep bmi2 erms invpcid rdseed adx smap xsaveopt
bugs		:
bogomips	: 3990.67
clflush size	: 64
cache_alignment	: 64
address sizes	: 39 bits physical, 48 bits virtual
power management:

processor	: 3
vendor_id	: GenuineIntel
cpu family	: 6
model		: 61
model name	: Intel(R) Core(TM) i3-5005U CPU @ 2.00GHz
stepping	: 4
microcode	: 0x1d
cpu MHz		: 1979.843
cache size	: 3072 KB
physical id	: 0
siblings	: 4
core id		: 1
cpu cores	: 2
apicid		: 3
initial apicid	: 3
fpu		: yes
fpu_exception	: yes
cpuid level	: 20
wp		: yes
flags		: fpu vme de pse tsc msr pae mce cx8 apic sep mtrr pge mca cmov pat pse36 clflush dts acpi mmx fxsr sse sse2 ss ht tm pbe syscall nx pdpe1gb rdtscp lm constant_tsc arch_perfmon pebs bts rep_good nopl xtopology nonstop_tsc aperfmperf eagerfpu pni pclmulqdq dtes64 monitor ds_cpl vmx est tm2 ssse3 fma cx16 xtpr pdcm pcid sse4_1 sse4_2 x2apic movbe popcnt tsc_deadline_timer aes xsave avx f16c rdrand lahf_lm abm 3dnowprefetch arat epb pln pts dtherm intel_pt tpr_shadow vnmi flexpriority ept vpid fsgsbase tsc_adjust bmi1 avx2 smep bmi2 erms invpcid rdseed adx smap xsaveopt
bugs		:
bogomips	: 3990.67
clflush size	: 64
cache_alignment	: 64
address sizes	: 39 bits physical, 48 bits virtual
power management:



Memory: 4k page, physical 3964324k(34108k free), swap 4105212k(300k free)

vm_info: Java HotSpot(TM) 64-Bit Server VM (25.91-b14) for linux-amd64 JRE (1.8.0_91-b14), built on Apr  1 2016 00:57:21 by "java_re" with gcc 4.3.0 20080428 (Red Hat 4.3.0-8)

time: Thu Jan 25 19:47:29 2018
elapsed time: 247 seconds (0d 0h 4m 7s)

